<?xml version="1.0" encoding="UTF-8"?>
<!-- Generated by org.testng.reporters.JUnitReportReporter -->
<testsuite skipped="0" hostname="DESKTOP-A7JMJ80" name="test.functional.TestScript" tests="1" failures="0" timestamp="2021-06-28T20:43:50 IST" time="43.494" errors="0">
  <testcase name="validateEnglishToSpanishTranslate" time="43.494" classname="test.functional.TestScript"/>
  <system-out/>
</testsuite> <!-- test.functional.TestScript -->
